<?xml version="1.0" encoding="UTF-8"?>
<!-- Generated by org.testng.reporters.JUnitReportReporter -->
<testsuite hostname="LAPTOP-4LCKJMFC" failures="0" tests="1" name="seleniumjavaexample.uploadfile" time="6.767" errors="0" timestamp="2025-01-29T01:45:28 IST" skipped="0">
  <testcase classname="seleniumjavaexample.uploadfile" name="action" time="6.767"/>
  <system-out/>
</testsuite> <!-- seleniumjavaexample.uploadfile -->
