<?xml version="1.0" encoding="UTF-8"?>
<!-- Generated by org.testng.reporters.JUnitReportReporter -->
<testsuite hostname="LAPTOP-4LCKJMFC" failures="0" tests="1" name="Test_cases.LoginTest" time="1.865" errors="0" timestamp="2025-02-10T00:32:57 IST" skipped="0">
  <testcase classname="Test_cases.LoginTest" name="loginTest" time="1.865"/>
  <system-out/>
</testsuite> <!-- Test_cases.LoginTest -->
